0 info it worked if it ends with ok
1 verbose cli [ '/usr/bin/nodejs', '/usr/bin/npm', 'start' ]
2 info using npm@3.10.10
3 info using node@v6.10.2
4 warn invalid config https-proxy="http:"
5 warn invalid config Must be a full url with 'http://'
6 verbose stack Error: ENOENT: no such file or directory, open '/home/quittypig/dev/js/dqtest/package.json'
6 verbose stack     at Error (native)
7 verbose cwd /home/quittypig/dev/js/dqtest
8 error Linux 4.8.0-56-generic
9 error argv "/usr/bin/nodejs" "/usr/bin/npm" "start"
10 error node v6.10.2
11 error npm  v3.10.10
12 error path /home/quittypig/dev/js/dqtest/package.json
13 error code ENOENT
14 error errno -2
15 error syscall open
16 error enoent ENOENT: no such file or directory, open '/home/quittypig/dev/js/dqtest/package.json'
17 error enoent ENOENT: no such file or directory, open '/home/quittypig/dev/js/dqtest/package.json'
17 error enoent This is most likely not a problem with npm itself
17 error enoent and is related to npm not being able to find a file.
18 verbose exit [ -2, true ]
