0 info it worked if it ends with ok
1 verbose cli [ '/usr/bin/nodejs', '/usr/bin/npm', 'start' ]
2 info using npm@3.10.10
3 info using node@v6.10.2
4 warn invalid config https-proxy="http:"
5 warn invalid config Must be a full url with 'http://'
6 verbose stack Error: missing script: start
6 verbose stack     at run (/usr/lib/node_modules/npm/lib/run-script.js:151:19)
6 verbose stack     at /usr/lib/node_modules/npm/lib/run-script.js:61:5
6 verbose stack     at /usr/lib/node_modules/npm/node_modules/read-package-json/read-json.js:356:5
6 verbose stack     at checkBinReferences_ (/usr/lib/node_modules/npm/node_modules/read-package-json/read-json.js:320:45)
6 verbose stack     at final (/usr/lib/node_modules/npm/node_modules/read-package-json/read-json.js:354:3)
6 verbose stack     at then (/usr/lib/node_modules/npm/node_modules/read-package-json/read-json.js:124:5)
6 verbose stack     at ReadFileContext.<anonymous> (/usr/lib/node_modules/npm/node_modules/read-package-json/read-json.js:295:20)
6 verbose stack     at ReadFileContext.callback (/usr/lib/node_modules/npm/node_modules/graceful-fs/graceful-fs.js:78:16)
6 verbose stack     at FSReqWrap.readFileAfterOpen [as oncomplete] (fs.js:366:13)
7 verbose cwd /home/quittypig/dev/js/dqtest/master
8 error Linux 4.8.0-56-generic
9 error argv "/usr/bin/nodejs" "/usr/bin/npm" "start"
10 error node v6.10.2
11 error npm  v3.10.10
12 error missing script: start
13 error If you need help, you may report this error at:
13 error     <https://github.com/npm/npm/issues>
14 verbose exit [ 1, true ]
