0 info it worked if it ends with ok
1 verbose cli [ '/usr/bin/nodejs',
1 verbose cli   '/usr/bin/npm',
1 verbose cli   'install',
1 verbose cli   'supervisor',
1 verbose cli   '-g' ]
2 info using npm@3.10.10
3 info using node@v6.10.2
4 warn invalid config https-proxy="http:"
5 warn invalid config Must be a full url with 'http://'
6 silly loadCurrentTree Starting
7 silly install loadCurrentTree
8 silly install readGlobalPackageData
9 silly fetchPackageMetaData supervisor
10 silly fetchNamedPackageData supervisor
11 silly mapToRegistry name supervisor
12 silly mapToRegistry using default registry
13 silly mapToRegistry registry https://registry.npmjs.org/
14 silly mapToRegistry data Result {
14 silly mapToRegistry   raw: 'supervisor',
14 silly mapToRegistry   scope: null,
14 silly mapToRegistry   escapedName: 'supervisor',
14 silly mapToRegistry   name: 'supervisor',
14 silly mapToRegistry   rawSpec: '',
14 silly mapToRegistry   spec: 'latest',
14 silly mapToRegistry   type: 'tag' }
15 silly mapToRegistry uri https://registry.npmjs.org/supervisor
16 verbose request uri https://registry.npmjs.org/supervisor
17 verbose request no auth needed
18 info attempt registry request try #1 at 4:33:45 PM
19 verbose request id a0fb8bc44a9a1a5f
20 verbose etag W/"594b8672-110fb"
21 verbose lastModified Thu, 22 Jun 2017 08:57:22 GMT
22 http request GET https://registry.npmjs.org/supervisor
23 http 304 https://registry.npmjs.org/supervisor
24 verbose headers { date: 'Mon, 26 Jun 2017 07:33:45 GMT',
24 verbose headers   via: '1.1 varnish',
24 verbose headers   'cache-control': 'max-age=300',
24 verbose headers   etag: 'W/"594b8672-110fb"',
24 verbose headers   age: '0',
24 verbose headers   connection: 'keep-alive',
24 verbose headers   'x-served-by': 'cache-itm7427-ITM',
24 verbose headers   'x-cache': 'HIT',
24 verbose headers   'x-cache-hits': '1',
24 verbose headers   'x-timer': 'S1498462426.707973,VS0,VE131',
24 verbose headers   vary: 'Accept-Encoding' }
25 silly get cb [ 304,
25 silly get   { date: 'Mon, 26 Jun 2017 07:33:45 GMT',
25 silly get     via: '1.1 varnish',
25 silly get     'cache-control': 'max-age=300',
25 silly get     etag: 'W/"594b8672-110fb"',
25 silly get     age: '0',
25 silly get     connection: 'keep-alive',
25 silly get     'x-served-by': 'cache-itm7427-ITM',
25 silly get     'x-cache': 'HIT',
25 silly get     'x-cache-hits': '1',
25 silly get     'x-timer': 'S1498462426.707973,VS0,VE131',
25 silly get     vary: 'Accept-Encoding' } ]
26 verbose etag https://registry.npmjs.org/supervisor from cache
27 verbose get saving supervisor to /home/quittypig/.npm/registry.npmjs.org/supervisor/.cache.json
28 verbose correctMkdir /home/quittypig/.npm correctMkdir not in flight; initializing
29 silly install normalizeTree
30 silly loadCurrentTree Finishing
31 silly loadIdealTree Starting
32 silly install loadIdealTree
33 silly cloneCurrentTree Starting
34 silly install cloneCurrentTreeToIdealTree
35 silly cloneCurrentTree Finishing
36 silly loadShrinkwrap Starting
37 silly install loadShrinkwrap
38 silly loadShrinkwrap Finishing
39 silly loadAllDepsIntoIdealTree Starting
40 silly install loadAllDepsIntoIdealTree
41 silly resolveWithNewModule supervisor@0.12.0 checking installable status
42 silly cache add args [ 'supervisor', null ]
43 verbose cache add spec supervisor
44 silly cache add parsed spec Result {
44 silly cache add   raw: 'supervisor',
44 silly cache add   scope: null,
44 silly cache add   escapedName: 'supervisor',
44 silly cache add   name: 'supervisor',
44 silly cache add   rawSpec: '',
44 silly cache add   spec: 'latest',
44 silly cache add   type: 'tag' }
45 silly addNamed supervisor@latest
46 verbose addNamed "latest" is being treated as a dist-tag for supervisor
47 info addNameTag [ 'supervisor', 'latest' ]
48 silly mapToRegistry name supervisor
49 silly mapToRegistry using default registry
50 silly mapToRegistry registry https://registry.npmjs.org/
51 silly mapToRegistry data Result {
51 silly mapToRegistry   raw: 'supervisor',
51 silly mapToRegistry   scope: null,
51 silly mapToRegistry   escapedName: 'supervisor',
51 silly mapToRegistry   name: 'supervisor',
51 silly mapToRegistry   rawSpec: '',
51 silly mapToRegistry   spec: 'latest',
51 silly mapToRegistry   type: 'tag' }
52 silly mapToRegistry uri https://registry.npmjs.org/supervisor
53 verbose addNameTag registry:https://registry.npmjs.org/supervisor not in flight; fetching
54 verbose get https://registry.npmjs.org/supervisor not expired, no request
55 silly addNameTag next cb for supervisor with tag latest
56 silly addNamed supervisor@0.12.0
57 verbose addNamed "0.12.0" is a plain semver version for supervisor
58 silly cache afterAdd supervisor@0.12.0
59 verbose afterAdd /home/quittypig/.npm/supervisor/0.12.0/package/package.json not in flight; writing
60 verbose correctMkdir /home/quittypig/.npm correctMkdir not in flight; initializing
61 verbose afterAdd /home/quittypig/.npm/supervisor/0.12.0/package/package.json written
62 silly loadAllDepsIntoIdealTree Finishing
63 silly loadIdealTree Finishing
64 silly currentTree lib
65 silly idealTree lib
65 silly idealTree └── supervisor@0.12.0
66 silly generateActionsToTake Starting
67 silly install generateActionsToTake
68 warn checkPermissions Missing write access to /usr/lib/node_modules
69 silly rollbackFailedOptional Starting
70 silly rollbackFailedOptional Finishing
71 silly runTopLevelLifecycles Finishing
72 silly install printInstalled
73 verbose stack Error: EACCES: permission denied, access '/usr/lib/node_modules'
73 verbose stack     at Error (native)
74 verbose cwd /home/quittypig/dev/js/dqtest/web
75 error Linux 4.8.0-56-generic
76 error argv "/usr/bin/nodejs" "/usr/bin/npm" "install" "supervisor" "-g"
77 error node v6.10.2
78 error npm  v3.10.10
79 error path /usr/lib/node_modules
80 error code EACCES
81 error errno -13
82 error syscall access
83 error Error: EACCES: permission denied, access '/usr/lib/node_modules'
83 error     at Error (native)
83 error  { Error: EACCES: permission denied, access '/usr/lib/node_modules'
83 error     at Error (native)
83 error   errno: -13,
83 error   code: 'EACCES',
83 error   syscall: 'access',
83 error   path: '/usr/lib/node_modules' }
84 error Please try running this command again as root/Administrator.
85 verbose exit [ -13, true ]
